30-Dec-2018 11:17:42.201 信息 [main] org.apache.catalina.startup.VersionLoggerListener.log Server version:        Apache Tomcat/9.0.13
30-Dec-2018 11:17:42.451 信息 [main] org.apache.catalina.startup.VersionLoggerListener.log Server built:          Nov 2 2018 14:27:55 UTC
30-Dec-2018 11:17:42.451 信息 [main] org.apache.catalina.startup.VersionLoggerListener.log Server number:         9.0.13.0
30-Dec-2018 11:17:42.451 信息 [main] org.apache.catalina.startup.VersionLoggerListener.log OS Name:               Windows 10
30-Dec-2018 11:17:42.451 信息 [main] org.apache.catalina.startup.VersionLoggerListener.log OS Version:            10.0
30-Dec-2018 11:17:42.467 信息 [main] org.apache.catalina.startup.VersionLoggerListener.log Architecture:          amd64
30-Dec-2018 11:17:42.467 信息 [main] org.apache.catalina.startup.VersionLoggerListener.log Java Home:             D:\Program Files\Java\jre1.8.0_131
30-Dec-2018 11:17:42.467 信息 [main] org.apache.catalina.startup.VersionLoggerListener.log JVM Version:           1.8.0_131-b11
30-Dec-2018 11:17:42.467 信息 [main] org.apache.catalina.startup.VersionLoggerListener.log JVM Vendor:            Oracle Corporation
30-Dec-2018 11:17:42.467 信息 [main] org.apache.catalina.startup.VersionLoggerListener.log CATALINA_BASE:         E:\诊所助手\03 页面原型\apache-tomcat-9.0.13
30-Dec-2018 11:17:42.467 信息 [main] org.apache.catalina.startup.VersionLoggerListener.log CATALINA_HOME:         E:\诊所助手\03 页面原型\apache-tomcat-9.0.13
30-Dec-2018 11:17:42.467 信息 [main] org.apache.catalina.startup.VersionLoggerListener.log Command line argument: -Djava.util.logging.config.file=E:\诊所助手\03 页面原型\apache-tomcat-9.0.13\conf\logging.properties
30-Dec-2018 11:17:42.467 信息 [main] org.apache.catalina.startup.VersionLoggerListener.log Command line argument: -Djava.util.logging.manager=org.apache.juli.ClassLoaderLogManager
30-Dec-2018 11:17:42.467 信息 [main] org.apache.catalina.startup.VersionLoggerListener.log Command line argument: -Djdk.tls.ephemeralDHKeySize=2048
30-Dec-2018 11:17:42.467 信息 [main] org.apache.catalina.startup.VersionLoggerListener.log Command line argument: -Djava.protocol.handler.pkgs=org.apache.catalina.webresources
30-Dec-2018 11:17:42.467 信息 [main] org.apache.catalina.startup.VersionLoggerListener.log Command line argument: -Dignore.endorsed.dirs=
30-Dec-2018 11:17:42.467 信息 [main] org.apache.catalina.startup.VersionLoggerListener.log Command line argument: -Dcatalina.base=E:\诊所助手\03 页面原型\apache-tomcat-9.0.13
30-Dec-2018 11:17:42.482 信息 [main] org.apache.catalina.startup.VersionLoggerListener.log Command line argument: -Dcatalina.home=E:\诊所助手\03 页面原型\apache-tomcat-9.0.13
30-Dec-2018 11:17:42.482 信息 [main] org.apache.catalina.startup.VersionLoggerListener.log Command line argument: -Djava.io.tmpdir=E:\诊所助手\03 页面原型\apache-tomcat-9.0.13\temp
30-Dec-2018 11:17:42.498 信息 [main] org.apache.catalina.core.AprLifecycleListener.lifecycleEvent Loaded APR based Apache Tomcat Native library [1.2.18] using APR version [1.6.5].
30-Dec-2018 11:17:42.498 信息 [main] org.apache.catalina.core.AprLifecycleListener.lifecycleEvent APR capabilities: IPv6 [true], sendfile [true], accept filters [false], random [true].
30-Dec-2018 11:17:42.498 信息 [main] org.apache.catalina.core.AprLifecycleListener.lifecycleEvent APR/OpenSSL configuration: useAprConnector [false], useOpenSSL [true]
30-Dec-2018 11:17:42.701 信息 [main] org.apache.catalina.core.AprLifecycleListener.initializeSSL OpenSSL successfully initialized [OpenSSL 1.1.1  11 Sep 2018]
30-Dec-2018 11:17:46.185 信息 [main] org.apache.coyote.AbstractProtocol.init Initializing ProtocolHandler ["http-nio-8080"]
30-Dec-2018 11:17:46.701 信息 [main] org.apache.tomcat.util.net.NioSelectorPool.getSharedSelector Using a shared selector for servlet write/read
30-Dec-2018 11:17:46.732 信息 [main] org.apache.coyote.AbstractProtocol.init Initializing ProtocolHandler ["ajp-nio-8009"]
30-Dec-2018 11:17:46.748 信息 [main] org.apache.tomcat.util.net.NioSelectorPool.getSharedSelector Using a shared selector for servlet write/read
30-Dec-2018 11:17:46.748 信息 [main] org.apache.catalina.startup.Catalina.load Initialization processed in 8969 ms
30-Dec-2018 11:17:47.060 信息 [main] org.apache.catalina.core.StandardService.startInternal Starting service [Catalina]
30-Dec-2018 11:17:47.060 信息 [main] org.apache.catalina.core.StandardEngine.startInternal Starting Servlet Engine: Apache Tomcat/9.0.13
30-Dec-2018 11:17:47.123 信息 [main] org.apache.catalina.startup.HostConfig.deployDirectory Deploying web application directory [E:\诊所助手\03 页面原型\apache-tomcat-9.0.13\webapps\docs]
30-Dec-2018 11:17:49.138 信息 [main] org.apache.catalina.startup.HostConfig.deployDirectory Deployment of web application directory [E:\诊所助手\03 页面原型\apache-tomcat-9.0.13\webapps\docs] has finished in [2,015] ms
30-Dec-2018 11:17:49.154 信息 [main] org.apache.catalina.startup.HostConfig.deployDirectory Deploying web application directory [E:\诊所助手\03 页面原型\apache-tomcat-9.0.13\webapps\examples]
30-Dec-2018 11:17:52.763 信息 [main] org.apache.catalina.startup.HostConfig.deployDirectory Deployment of web application directory [E:\诊所助手\03 页面原型\apache-tomcat-9.0.13\webapps\examples] has finished in [3,609] ms
30-Dec-2018 11:17:52.982 信息 [main] org.apache.catalina.startup.HostConfig.deployDirectory Deploying web application directory [E:\诊所助手\03 页面原型\apache-tomcat-9.0.13\webapps\host-manager]
30-Dec-2018 11:17:53.123 信息 [main] org.apache.catalina.startup.HostConfig.deployDirectory Deployment of web application directory [E:\诊所助手\03 页面原型\apache-tomcat-9.0.13\webapps\host-manager] has finished in [141] ms
30-Dec-2018 11:17:53.123 信息 [main] org.apache.catalina.startup.HostConfig.deployDirectory Deploying web application directory [E:\诊所助手\03 页面原型\apache-tomcat-9.0.13\webapps\manager]
30-Dec-2018 11:17:53.232 信息 [main] org.apache.catalina.startup.HostConfig.deployDirectory Deployment of web application directory [E:\诊所助手\03 页面原型\apache-tomcat-9.0.13\webapps\manager] has finished in [109] ms
30-Dec-2018 11:17:53.248 信息 [main] org.apache.catalina.startup.HostConfig.deployDirectory Deploying web application directory [E:\诊所助手\03 页面原型\apache-tomcat-9.0.13\webapps\ROOT]
30-Dec-2018 11:17:53.373 信息 [main] org.apache.catalina.startup.HostConfig.deployDirectory Deployment of web application directory [E:\诊所助手\03 页面原型\apache-tomcat-9.0.13\webapps\ROOT] has finished in [125] ms
30-Dec-2018 11:17:53.373 信息 [main] org.apache.coyote.AbstractProtocol.start Starting ProtocolHandler ["http-nio-8080"]
30-Dec-2018 11:17:53.420 信息 [main] org.apache.coyote.AbstractProtocol.start Starting ProtocolHandler ["ajp-nio-8009"]
30-Dec-2018 11:17:53.420 信息 [main] org.apache.catalina.startup.Catalina.start Server startup in 6675 ms
