22-Dec-2018 16:54:46.123 信息 [main] org.apache.catalina.startup.VersionLoggerListener.log Server version:        Apache Tomcat/9.0.13
22-Dec-2018 16:54:46.232 信息 [main] org.apache.catalina.startup.VersionLoggerListener.log Server built:          Nov 2 2018 14:27:55 UTC
22-Dec-2018 16:54:46.232 信息 [main] org.apache.catalina.startup.VersionLoggerListener.log Server number:         9.0.13.0
22-Dec-2018 16:54:46.232 信息 [main] org.apache.catalina.startup.VersionLoggerListener.log OS Name:               Windows 10
22-Dec-2018 16:54:46.232 信息 [main] org.apache.catalina.startup.VersionLoggerListener.log OS Version:            10.0
22-Dec-2018 16:54:46.232 信息 [main] org.apache.catalina.startup.VersionLoggerListener.log Architecture:          amd64
22-Dec-2018 16:54:46.232 信息 [main] org.apache.catalina.startup.VersionLoggerListener.log Java Home:             D:\Program Files\Java\jre1.8.0_131
22-Dec-2018 16:54:46.232 信息 [main] org.apache.catalina.startup.VersionLoggerListener.log JVM Version:           1.8.0_131-b11
22-Dec-2018 16:54:46.232 信息 [main] org.apache.catalina.startup.VersionLoggerListener.log JVM Vendor:            Oracle Corporation
22-Dec-2018 16:54:46.232 信息 [main] org.apache.catalina.startup.VersionLoggerListener.log CATALINA_BASE:         E:\诊所助手\03 页面原型\apache-tomcat-9.0.13
22-Dec-2018 16:54:46.232 信息 [main] org.apache.catalina.startup.VersionLoggerListener.log CATALINA_HOME:         E:\诊所助手\03 页面原型\apache-tomcat-9.0.13
22-Dec-2018 16:54:46.232 信息 [main] org.apache.catalina.startup.VersionLoggerListener.log Command line argument: -Djava.util.logging.config.file=E:\诊所助手\03 页面原型\apache-tomcat-9.0.13\conf\logging.properties
22-Dec-2018 16:54:46.232 信息 [main] org.apache.catalina.startup.VersionLoggerListener.log Command line argument: -Djava.util.logging.manager=org.apache.juli.ClassLoaderLogManager
22-Dec-2018 16:54:46.232 信息 [main] org.apache.catalina.startup.VersionLoggerListener.log Command line argument: -Djdk.tls.ephemeralDHKeySize=2048
22-Dec-2018 16:54:46.232 信息 [main] org.apache.catalina.startup.VersionLoggerListener.log Command line argument: -Djava.protocol.handler.pkgs=org.apache.catalina.webresources
22-Dec-2018 16:54:46.232 信息 [main] org.apache.catalina.startup.VersionLoggerListener.log Command line argument: -Dignore.endorsed.dirs=
22-Dec-2018 16:54:46.232 信息 [main] org.apache.catalina.startup.VersionLoggerListener.log Command line argument: -Dcatalina.base=E:\诊所助手\03 页面原型\apache-tomcat-9.0.13
22-Dec-2018 16:54:46.232 信息 [main] org.apache.catalina.startup.VersionLoggerListener.log Command line argument: -Dcatalina.home=E:\诊所助手\03 页面原型\apache-tomcat-9.0.13
22-Dec-2018 16:54:46.232 信息 [main] org.apache.catalina.startup.VersionLoggerListener.log Command line argument: -Djava.io.tmpdir=E:\诊所助手\03 页面原型\apache-tomcat-9.0.13\temp
22-Dec-2018 16:54:46.248 信息 [main] org.apache.catalina.core.AprLifecycleListener.lifecycleEvent Loaded APR based Apache Tomcat Native library [1.2.18] using APR version [1.6.5].
22-Dec-2018 16:54:46.248 信息 [main] org.apache.catalina.core.AprLifecycleListener.lifecycleEvent APR capabilities: IPv6 [true], sendfile [true], accept filters [false], random [true].
22-Dec-2018 16:54:46.248 信息 [main] org.apache.catalina.core.AprLifecycleListener.lifecycleEvent APR/OpenSSL configuration: useAprConnector [false], useOpenSSL [true]
22-Dec-2018 16:54:46.279 信息 [main] org.apache.catalina.core.AprLifecycleListener.initializeSSL OpenSSL successfully initialized [OpenSSL 1.1.1  11 Sep 2018]
22-Dec-2018 16:54:48.507 信息 [main] org.apache.coyote.AbstractProtocol.init Initializing ProtocolHandler ["http-nio-8080"]
22-Dec-2018 16:54:49.148 信息 [main] org.apache.tomcat.util.net.NioSelectorPool.getSharedSelector Using a shared selector for servlet write/read
22-Dec-2018 16:54:49.210 信息 [main] org.apache.coyote.AbstractProtocol.init Initializing ProtocolHandler ["ajp-nio-8009"]
22-Dec-2018 16:54:49.226 信息 [main] org.apache.tomcat.util.net.NioSelectorPool.getSharedSelector Using a shared selector for servlet write/read
22-Dec-2018 16:54:49.226 信息 [main] org.apache.catalina.startup.Catalina.load Initialization processed in 5315 ms
22-Dec-2018 16:54:49.507 信息 [main] org.apache.catalina.core.StandardService.startInternal Starting service [Catalina]
22-Dec-2018 16:54:49.507 信息 [main] org.apache.catalina.core.StandardEngine.startInternal Starting Servlet Engine: Apache Tomcat/9.0.13
22-Dec-2018 16:54:49.554 信息 [main] org.apache.catalina.startup.HostConfig.deployDirectory Deploying web application directory [E:\诊所助手\03 页面原型\apache-tomcat-9.0.13\webapps\docs]
22-Dec-2018 16:54:51.288 信息 [main] org.apache.catalina.startup.HostConfig.deployDirectory Deployment of web application directory [E:\诊所助手\03 页面原型\apache-tomcat-9.0.13\webapps\docs] has finished in [1,719] ms
22-Dec-2018 16:54:51.288 信息 [main] org.apache.catalina.startup.HostConfig.deployDirectory Deploying web application directory [E:\诊所助手\03 页面原型\apache-tomcat-9.0.13\webapps\examples]
22-Dec-2018 16:54:54.757 信息 [main] org.apache.catalina.startup.HostConfig.deployDirectory Deployment of web application directory [E:\诊所助手\03 页面原型\apache-tomcat-9.0.13\webapps\examples] has finished in [3,469] ms
22-Dec-2018 16:54:54.773 信息 [main] org.apache.catalina.startup.HostConfig.deployDirectory Deploying web application directory [E:\诊所助手\03 页面原型\apache-tomcat-9.0.13\webapps\host-manager]
22-Dec-2018 16:54:54.960 信息 [main] org.apache.catalina.startup.HostConfig.deployDirectory Deployment of web application directory [E:\诊所助手\03 页面原型\apache-tomcat-9.0.13\webapps\host-manager] has finished in [187] ms
22-Dec-2018 16:54:54.960 信息 [main] org.apache.catalina.startup.HostConfig.deployDirectory Deploying web application directory [E:\诊所助手\03 页面原型\apache-tomcat-9.0.13\webapps\manager]
22-Dec-2018 16:54:55.148 信息 [main] org.apache.catalina.startup.HostConfig.deployDirectory Deployment of web application directory [E:\诊所助手\03 页面原型\apache-tomcat-9.0.13\webapps\manager] has finished in [172] ms
22-Dec-2018 16:54:55.148 信息 [main] org.apache.catalina.startup.HostConfig.deployDirectory Deploying web application directory [E:\诊所助手\03 页面原型\apache-tomcat-9.0.13\webapps\ROOT]
22-Dec-2018 16:54:55.257 信息 [main] org.apache.catalina.startup.HostConfig.deployDirectory Deployment of web application directory [E:\诊所助手\03 页面原型\apache-tomcat-9.0.13\webapps\ROOT] has finished in [109] ms
22-Dec-2018 16:54:55.257 信息 [main] org.apache.coyote.AbstractProtocol.start Starting ProtocolHandler ["http-nio-8080"]
22-Dec-2018 16:54:55.304 信息 [main] org.apache.coyote.AbstractProtocol.start Starting ProtocolHandler ["ajp-nio-8009"]
22-Dec-2018 16:54:55.304 信息 [main] org.apache.catalina.startup.Catalina.start Server startup in 6066 ms
