15-Dec-2018 11:00:56.798 信息 [main] org.apache.catalina.startup.VersionLoggerListener.log Server version:        Apache Tomcat/9.0.13
15-Dec-2018 11:00:57.063 信息 [main] org.apache.catalina.startup.VersionLoggerListener.log Server built:          Nov 2 2018 14:27:55 UTC
15-Dec-2018 11:00:57.064 信息 [main] org.apache.catalina.startup.VersionLoggerListener.log Server number:         9.0.13.0
15-Dec-2018 11:00:57.064 信息 [main] org.apache.catalina.startup.VersionLoggerListener.log OS Name:               Windows 10
15-Dec-2018 11:00:57.065 信息 [main] org.apache.catalina.startup.VersionLoggerListener.log OS Version:            10.0
15-Dec-2018 11:00:57.065 信息 [main] org.apache.catalina.startup.VersionLoggerListener.log Architecture:          amd64
15-Dec-2018 11:00:57.066 信息 [main] org.apache.catalina.startup.VersionLoggerListener.log Java Home:             D:\Program Files\Java\jre1.8.0_131
15-Dec-2018 11:00:57.066 信息 [main] org.apache.catalina.startup.VersionLoggerListener.log JVM Version:           1.8.0_131-b11
15-Dec-2018 11:00:57.067 信息 [main] org.apache.catalina.startup.VersionLoggerListener.log JVM Vendor:            Oracle Corporation
15-Dec-2018 11:00:57.068 信息 [main] org.apache.catalina.startup.VersionLoggerListener.log CATALINA_BASE:         E:\诊所助手\03 页面原型\apache-tomcat-9.0.13
15-Dec-2018 11:00:57.068 信息 [main] org.apache.catalina.startup.VersionLoggerListener.log CATALINA_HOME:         E:\诊所助手\03 页面原型\apache-tomcat-9.0.13
15-Dec-2018 11:00:57.069 信息 [main] org.apache.catalina.startup.VersionLoggerListener.log Command line argument: -Djava.util.logging.config.file=E:\诊所助手\03 页面原型\apache-tomcat-9.0.13\conf\logging.properties
15-Dec-2018 11:00:57.069 信息 [main] org.apache.catalina.startup.VersionLoggerListener.log Command line argument: -Djava.util.logging.manager=org.apache.juli.ClassLoaderLogManager
15-Dec-2018 11:00:57.069 信息 [main] org.apache.catalina.startup.VersionLoggerListener.log Command line argument: -Djdk.tls.ephemeralDHKeySize=2048
15-Dec-2018 11:00:57.070 信息 [main] org.apache.catalina.startup.VersionLoggerListener.log Command line argument: -Djava.protocol.handler.pkgs=org.apache.catalina.webresources
15-Dec-2018 11:00:57.070 信息 [main] org.apache.catalina.startup.VersionLoggerListener.log Command line argument: -Dignore.endorsed.dirs=
15-Dec-2018 11:00:57.070 信息 [main] org.apache.catalina.startup.VersionLoggerListener.log Command line argument: -Dcatalina.base=E:\诊所助手\03 页面原型\apache-tomcat-9.0.13
15-Dec-2018 11:00:57.076 信息 [main] org.apache.catalina.startup.VersionLoggerListener.log Command line argument: -Dcatalina.home=E:\诊所助手\03 页面原型\apache-tomcat-9.0.13
15-Dec-2018 11:00:57.077 信息 [main] org.apache.catalina.startup.VersionLoggerListener.log Command line argument: -Djava.io.tmpdir=E:\诊所助手\03 页面原型\apache-tomcat-9.0.13\temp
15-Dec-2018 11:00:57.078 信息 [main] org.apache.catalina.core.AprLifecycleListener.lifecycleEvent Loaded APR based Apache Tomcat Native library [1.2.18] using APR version [1.6.5].
15-Dec-2018 11:00:57.080 信息 [main] org.apache.catalina.core.AprLifecycleListener.lifecycleEvent APR capabilities: IPv6 [true], sendfile [true], accept filters [false], random [true].
15-Dec-2018 11:00:57.080 信息 [main] org.apache.catalina.core.AprLifecycleListener.lifecycleEvent APR/OpenSSL configuration: useAprConnector [false], useOpenSSL [true]
15-Dec-2018 11:00:57.664 信息 [main] org.apache.catalina.core.AprLifecycleListener.initializeSSL OpenSSL successfully initialized [OpenSSL 1.1.1  11 Sep 2018]
15-Dec-2018 11:01:00.841 信息 [main] org.apache.coyote.AbstractProtocol.init Initializing ProtocolHandler ["http-nio-8080"]
15-Dec-2018 11:01:01.609 信息 [main] org.apache.tomcat.util.net.NioSelectorPool.getSharedSelector Using a shared selector for servlet write/read
15-Dec-2018 11:01:02.078 信息 [main] org.apache.coyote.AbstractProtocol.init Initializing ProtocolHandler ["ajp-nio-8009"]
15-Dec-2018 11:01:02.078 信息 [main] org.apache.tomcat.util.net.NioSelectorPool.getSharedSelector Using a shared selector for servlet write/read
15-Dec-2018 11:01:02.078 信息 [main] org.apache.catalina.startup.Catalina.load Initialization processed in 13259 ms
15-Dec-2018 11:01:02.449 信息 [main] org.apache.catalina.core.StandardService.startInternal Starting service [Catalina]
15-Dec-2018 11:01:02.449 信息 [main] org.apache.catalina.core.StandardEngine.startInternal Starting Servlet Engine: Apache Tomcat/9.0.13
15-Dec-2018 11:01:02.508 信息 [main] org.apache.catalina.startup.HostConfig.deployDirectory Deploying web application directory [E:\诊所助手\03 页面原型\apache-tomcat-9.0.13\webapps\docs]
15-Dec-2018 11:01:05.306 信息 [main] org.apache.catalina.startup.HostConfig.deployDirectory Deployment of web application directory [E:\诊所助手\03 页面原型\apache-tomcat-9.0.13\webapps\docs] has finished in [2,798] ms
15-Dec-2018 11:01:05.306 信息 [main] org.apache.catalina.startup.HostConfig.deployDirectory Deploying web application directory [E:\诊所助手\03 页面原型\apache-tomcat-9.0.13\webapps\examples]
15-Dec-2018 11:01:13.178 信息 [main] org.apache.catalina.startup.HostConfig.deployDirectory Deployment of web application directory [E:\诊所助手\03 页面原型\apache-tomcat-9.0.13\webapps\examples] has finished in [7,872] ms
15-Dec-2018 11:01:13.210 信息 [main] org.apache.catalina.startup.HostConfig.deployDirectory Deploying web application directory [E:\诊所助手\03 页面原型\apache-tomcat-9.0.13\webapps\host-manager]
15-Dec-2018 11:01:13.426 信息 [main] org.apache.catalina.startup.HostConfig.deployDirectory Deployment of web application directory [E:\诊所助手\03 页面原型\apache-tomcat-9.0.13\webapps\host-manager] has finished in [216] ms
15-Dec-2018 11:01:13.426 信息 [main] org.apache.catalina.startup.HostConfig.deployDirectory Deploying web application directory [E:\诊所助手\03 页面原型\apache-tomcat-9.0.13\webapps\manager]
15-Dec-2018 11:01:13.665 信息 [main] org.apache.catalina.startup.HostConfig.deployDirectory Deployment of web application directory [E:\诊所助手\03 页面原型\apache-tomcat-9.0.13\webapps\manager] has finished in [239] ms
15-Dec-2018 11:01:13.665 信息 [main] org.apache.catalina.startup.HostConfig.deployDirectory Deploying web application directory [E:\诊所助手\03 页面原型\apache-tomcat-9.0.13\webapps\ROOT]
15-Dec-2018 11:01:13.809 信息 [main] org.apache.catalina.startup.HostConfig.deployDirectory Deployment of web application directory [E:\诊所助手\03 页面原型\apache-tomcat-9.0.13\webapps\ROOT] has finished in [144] ms
15-Dec-2018 11:01:13.824 信息 [main] org.apache.coyote.AbstractProtocol.start Starting ProtocolHandler ["http-nio-8080"]
15-Dec-2018 11:01:13.902 信息 [main] org.apache.coyote.AbstractProtocol.start Starting ProtocolHandler ["ajp-nio-8009"]
15-Dec-2018 11:01:13.918 信息 [main] org.apache.catalina.startup.Catalina.start Server startup in 11834 ms
