24-Mar-2019 16:39:54.586 信息 [main] org.apache.catalina.startup.VersionLoggerListener.log Server version:        Apache Tomcat/9.0.13
24-Mar-2019 16:39:54.711 信息 [main] org.apache.catalina.startup.VersionLoggerListener.log Server built:          Nov 2 2018 14:27:55 UTC
24-Mar-2019 16:39:54.711 信息 [main] org.apache.catalina.startup.VersionLoggerListener.log Server number:         9.0.13.0
24-Mar-2019 16:39:54.711 信息 [main] org.apache.catalina.startup.VersionLoggerListener.log OS Name:               Windows 10
24-Mar-2019 16:39:54.711 信息 [main] org.apache.catalina.startup.VersionLoggerListener.log OS Version:            10.0
24-Mar-2019 16:39:54.711 信息 [main] org.apache.catalina.startup.VersionLoggerListener.log Architecture:          amd64
24-Mar-2019 16:39:54.711 信息 [main] org.apache.catalina.startup.VersionLoggerListener.log Java Home:             D:\Program Files\Java\jre1.8.0_131
24-Mar-2019 16:39:54.711 信息 [main] org.apache.catalina.startup.VersionLoggerListener.log JVM Version:           1.8.0_131-b11
24-Mar-2019 16:39:54.711 信息 [main] org.apache.catalina.startup.VersionLoggerListener.log JVM Vendor:            Oracle Corporation
24-Mar-2019 16:39:54.711 信息 [main] org.apache.catalina.startup.VersionLoggerListener.log CATALINA_BASE:         E:\clinicAssistant\03 页面原型\apache-tomcat-9.0.13
24-Mar-2019 16:39:54.711 信息 [main] org.apache.catalina.startup.VersionLoggerListener.log CATALINA_HOME:         E:\clinicAssistant\03 页面原型\apache-tomcat-9.0.13
24-Mar-2019 16:39:54.711 信息 [main] org.apache.catalina.startup.VersionLoggerListener.log Command line argument: -Djava.util.logging.config.file=E:\clinicAssistant\03 页面原型\apache-tomcat-9.0.13\conf\logging.properties
24-Mar-2019 16:39:54.711 信息 [main] org.apache.catalina.startup.VersionLoggerListener.log Command line argument: -Djava.util.logging.manager=org.apache.juli.ClassLoaderLogManager
24-Mar-2019 16:39:54.711 信息 [main] org.apache.catalina.startup.VersionLoggerListener.log Command line argument: -Djdk.tls.ephemeralDHKeySize=2048
24-Mar-2019 16:39:54.711 信息 [main] org.apache.catalina.startup.VersionLoggerListener.log Command line argument: -Djava.protocol.handler.pkgs=org.apache.catalina.webresources
24-Mar-2019 16:39:54.711 信息 [main] org.apache.catalina.startup.VersionLoggerListener.log Command line argument: -Dignore.endorsed.dirs=
24-Mar-2019 16:39:54.711 信息 [main] org.apache.catalina.startup.VersionLoggerListener.log Command line argument: -Dcatalina.base=E:\clinicAssistant\03 页面原型\apache-tomcat-9.0.13
24-Mar-2019 16:39:54.727 信息 [main] org.apache.catalina.startup.VersionLoggerListener.log Command line argument: -Dcatalina.home=E:\clinicAssistant\03 页面原型\apache-tomcat-9.0.13
24-Mar-2019 16:39:54.727 信息 [main] org.apache.catalina.startup.VersionLoggerListener.log Command line argument: -Djava.io.tmpdir=E:\clinicAssistant\03 页面原型\apache-tomcat-9.0.13\temp
24-Mar-2019 16:39:54.727 信息 [main] org.apache.catalina.core.AprLifecycleListener.lifecycleEvent Loaded APR based Apache Tomcat Native library [1.2.18] using APR version [1.6.5].
24-Mar-2019 16:39:54.727 信息 [main] org.apache.catalina.core.AprLifecycleListener.lifecycleEvent APR capabilities: IPv6 [true], sendfile [true], accept filters [false], random [true].
24-Mar-2019 16:39:54.727 信息 [main] org.apache.catalina.core.AprLifecycleListener.lifecycleEvent APR/OpenSSL configuration: useAprConnector [false], useOpenSSL [true]
24-Mar-2019 16:39:54.836 信息 [main] org.apache.catalina.core.AprLifecycleListener.initializeSSL OpenSSL successfully initialized [OpenSSL 1.1.1  11 Sep 2018]
24-Mar-2019 16:39:59.445 信息 [main] org.apache.coyote.AbstractProtocol.init Initializing ProtocolHandler ["http-nio-8080"]
24-Mar-2019 16:39:59.945 信息 [main] org.apache.tomcat.util.net.NioSelectorPool.getSharedSelector Using a shared selector for servlet write/read
24-Mar-2019 16:40:00.008 信息 [main] org.apache.coyote.AbstractProtocol.init Initializing ProtocolHandler ["ajp-nio-8009"]
24-Mar-2019 16:40:00.008 信息 [main] org.apache.tomcat.util.net.NioSelectorPool.getSharedSelector Using a shared selector for servlet write/read
24-Mar-2019 16:40:00.039 信息 [main] org.apache.catalina.startup.Catalina.load Initialization processed in 7323 ms
24-Mar-2019 16:40:00.258 信息 [main] org.apache.catalina.core.StandardService.startInternal Starting service [Catalina]
24-Mar-2019 16:40:00.258 信息 [main] org.apache.catalina.core.StandardEngine.startInternal Starting Servlet Engine: Apache Tomcat/9.0.13
24-Mar-2019 16:40:00.289 信息 [main] org.apache.catalina.startup.HostConfig.deployDirectory Deploying web application directory [E:\clinicAssistant\03 页面原型\apache-tomcat-9.0.13\webapps\dist]
24-Mar-2019 16:40:01.648 信息 [main] org.apache.catalina.startup.HostConfig.deployDirectory Deployment of web application directory [E:\clinicAssistant\03 页面原型\apache-tomcat-9.0.13\webapps\dist] has finished in [1,344] ms
24-Mar-2019 16:40:01.648 信息 [main] org.apache.catalina.startup.HostConfig.deployDirectory Deploying web application directory [E:\clinicAssistant\03 页面原型\apache-tomcat-9.0.13\webapps\docs]
24-Mar-2019 16:40:01.742 信息 [main] org.apache.catalina.startup.HostConfig.deployDirectory Deployment of web application directory [E:\clinicAssistant\03 页面原型\apache-tomcat-9.0.13\webapps\docs] has finished in [94] ms
24-Mar-2019 16:40:01.742 信息 [main] org.apache.catalina.startup.HostConfig.deployDirectory Deploying web application directory [E:\clinicAssistant\03 页面原型\apache-tomcat-9.0.13\webapps\examples]
24-Mar-2019 16:40:04.430 信息 [main] org.apache.catalina.startup.HostConfig.deployDirectory Deployment of web application directory [E:\clinicAssistant\03 页面原型\apache-tomcat-9.0.13\webapps\examples] has finished in [2,688] ms
24-Mar-2019 16:40:04.445 信息 [main] org.apache.catalina.startup.HostConfig.deployDirectory Deploying web application directory [E:\clinicAssistant\03 页面原型\apache-tomcat-9.0.13\webapps\host-manager]
24-Mar-2019 16:40:04.617 信息 [main] org.apache.catalina.startup.HostConfig.deployDirectory Deployment of web application directory [E:\clinicAssistant\03 页面原型\apache-tomcat-9.0.13\webapps\host-manager] has finished in [172] ms
24-Mar-2019 16:40:04.617 信息 [main] org.apache.catalina.startup.HostConfig.deployDirectory Deploying web application directory [E:\clinicAssistant\03 页面原型\apache-tomcat-9.0.13\webapps\kit_admin]
24-Mar-2019 16:40:04.679 信息 [main] org.apache.catalina.startup.HostConfig.deployDirectory Deployment of web application directory [E:\clinicAssistant\03 页面原型\apache-tomcat-9.0.13\webapps\kit_admin] has finished in [62] ms
24-Mar-2019 16:40:04.679 信息 [main] org.apache.catalina.startup.HostConfig.deployDirectory Deploying web application directory [E:\clinicAssistant\03 页面原型\apache-tomcat-9.0.13\webapps\kit_admin_demo]
24-Mar-2019 16:40:04.742 信息 [main] org.apache.catalina.startup.HostConfig.deployDirectory Deployment of web application directory [E:\clinicAssistant\03 页面原型\apache-tomcat-9.0.13\webapps\kit_admin_demo] has finished in [63] ms
24-Mar-2019 16:40:04.789 信息 [main] org.apache.catalina.startup.HostConfig.deployDirectory Deploying web application directory [E:\clinicAssistant\03 页面原型\apache-tomcat-9.0.13\webapps\kit_admin_scaffold]
24-Mar-2019 16:40:04.851 信息 [main] org.apache.catalina.startup.HostConfig.deployDirectory Deployment of web application directory [E:\clinicAssistant\03 页面原型\apache-tomcat-9.0.13\webapps\kit_admin_scaffold] has finished in [62] ms
24-Mar-2019 16:40:04.851 信息 [main] org.apache.catalina.startup.HostConfig.deployDirectory Deploying web application directory [E:\clinicAssistant\03 页面原型\apache-tomcat-9.0.13\webapps\manager]
24-Mar-2019 16:40:05.195 信息 [main] org.apache.catalina.startup.HostConfig.deployDirectory Deployment of web application directory [E:\clinicAssistant\03 页面原型\apache-tomcat-9.0.13\webapps\manager] has finished in [344] ms
24-Mar-2019 16:40:05.195 信息 [main] org.apache.catalina.startup.HostConfig.deployDirectory Deploying web application directory [E:\clinicAssistant\03 页面原型\apache-tomcat-9.0.13\webapps\mydist]
24-Mar-2019 16:40:05.258 信息 [main] org.apache.catalina.startup.HostConfig.deployDirectory Deployment of web application directory [E:\clinicAssistant\03 页面原型\apache-tomcat-9.0.13\webapps\mydist] has finished in [63] ms
24-Mar-2019 16:40:05.273 信息 [main] org.apache.catalina.startup.HostConfig.deployDirectory Deploying web application directory [E:\clinicAssistant\03 页面原型\apache-tomcat-9.0.13\webapps\ROOT]
24-Mar-2019 16:40:05.320 信息 [main] org.apache.catalina.startup.HostConfig.deployDirectory Deployment of web application directory [E:\clinicAssistant\03 页面原型\apache-tomcat-9.0.13\webapps\ROOT] has finished in [47] ms
24-Mar-2019 16:40:05.336 信息 [main] org.apache.coyote.AbstractProtocol.start Starting ProtocolHandler ["http-nio-8080"]
24-Mar-2019 16:40:05.367 信息 [main] org.apache.coyote.AbstractProtocol.start Starting ProtocolHandler ["ajp-nio-8009"]
24-Mar-2019 16:40:05.367 信息 [main] org.apache.catalina.startup.Catalina.start Server startup in 5323 ms
