03-Jan-2019 21:00:04.174 信息 [main] org.apache.catalina.startup.VersionLoggerListener.log Server version:        Apache Tomcat/9.0.13
03-Jan-2019 21:00:04.278 信息 [main] org.apache.catalina.startup.VersionLoggerListener.log Server built:          Nov 2 2018 14:27:55 UTC
03-Jan-2019 21:00:04.280 信息 [main] org.apache.catalina.startup.VersionLoggerListener.log Server number:         9.0.13.0
03-Jan-2019 21:00:04.281 信息 [main] org.apache.catalina.startup.VersionLoggerListener.log OS Name:               Windows 10
03-Jan-2019 21:00:04.281 信息 [main] org.apache.catalina.startup.VersionLoggerListener.log OS Version:            10.0
03-Jan-2019 21:00:04.281 信息 [main] org.apache.catalina.startup.VersionLoggerListener.log Architecture:          amd64
03-Jan-2019 21:00:04.282 信息 [main] org.apache.catalina.startup.VersionLoggerListener.log Java Home:             D:\Program Files\Java\jre1.8.0_131
03-Jan-2019 21:00:04.282 信息 [main] org.apache.catalina.startup.VersionLoggerListener.log JVM Version:           1.8.0_131-b11
03-Jan-2019 21:00:04.282 信息 [main] org.apache.catalina.startup.VersionLoggerListener.log JVM Vendor:            Oracle Corporation
03-Jan-2019 21:00:04.290 信息 [main] org.apache.catalina.startup.VersionLoggerListener.log CATALINA_BASE:         E:\诊所助手\03 页面原型\apache-tomcat-9.0.13
03-Jan-2019 21:00:04.291 信息 [main] org.apache.catalina.startup.VersionLoggerListener.log CATALINA_HOME:         E:\诊所助手\03 页面原型\apache-tomcat-9.0.13
03-Jan-2019 21:00:04.292 信息 [main] org.apache.catalina.startup.VersionLoggerListener.log Command line argument: -Djava.util.logging.config.file=E:\诊所助手\03 页面原型\apache-tomcat-9.0.13\conf\logging.properties
03-Jan-2019 21:00:04.292 信息 [main] org.apache.catalina.startup.VersionLoggerListener.log Command line argument: -Djava.util.logging.manager=org.apache.juli.ClassLoaderLogManager
03-Jan-2019 21:00:04.292 信息 [main] org.apache.catalina.startup.VersionLoggerListener.log Command line argument: -Djdk.tls.ephemeralDHKeySize=2048
03-Jan-2019 21:00:04.293 信息 [main] org.apache.catalina.startup.VersionLoggerListener.log Command line argument: -Djava.protocol.handler.pkgs=org.apache.catalina.webresources
03-Jan-2019 21:00:04.293 信息 [main] org.apache.catalina.startup.VersionLoggerListener.log Command line argument: -Dignore.endorsed.dirs=
03-Jan-2019 21:00:04.293 信息 [main] org.apache.catalina.startup.VersionLoggerListener.log Command line argument: -Dcatalina.base=E:\诊所助手\03 页面原型\apache-tomcat-9.0.13
03-Jan-2019 21:00:04.294 信息 [main] org.apache.catalina.startup.VersionLoggerListener.log Command line argument: -Dcatalina.home=E:\诊所助手\03 页面原型\apache-tomcat-9.0.13
03-Jan-2019 21:00:04.296 信息 [main] org.apache.catalina.startup.VersionLoggerListener.log Command line argument: -Djava.io.tmpdir=E:\诊所助手\03 页面原型\apache-tomcat-9.0.13\temp
03-Jan-2019 21:00:04.297 信息 [main] org.apache.catalina.core.AprLifecycleListener.lifecycleEvent Loaded APR based Apache Tomcat Native library [1.2.18] using APR version [1.6.5].
03-Jan-2019 21:00:04.298 信息 [main] org.apache.catalina.core.AprLifecycleListener.lifecycleEvent APR capabilities: IPv6 [true], sendfile [true], accept filters [false], random [true].
03-Jan-2019 21:00:04.300 信息 [main] org.apache.catalina.core.AprLifecycleListener.lifecycleEvent APR/OpenSSL configuration: useAprConnector [false], useOpenSSL [true]
03-Jan-2019 21:00:04.402 信息 [main] org.apache.catalina.core.AprLifecycleListener.initializeSSL OpenSSL successfully initialized [OpenSSL 1.1.1  11 Sep 2018]
03-Jan-2019 21:00:06.579 信息 [main] org.apache.coyote.AbstractProtocol.init Initializing ProtocolHandler ["http-nio-8080"]
03-Jan-2019 21:00:07.544 信息 [main] org.apache.tomcat.util.net.NioSelectorPool.getSharedSelector Using a shared selector for servlet write/read
03-Jan-2019 21:00:07.637 信息 [main] org.apache.coyote.AbstractProtocol.init Initializing ProtocolHandler ["ajp-nio-8009"]
03-Jan-2019 21:00:07.642 信息 [main] org.apache.tomcat.util.net.NioSelectorPool.getSharedSelector Using a shared selector for servlet write/read
03-Jan-2019 21:00:07.643 信息 [main] org.apache.catalina.startup.Catalina.load Initialization processed in 6439 ms
03-Jan-2019 21:00:07.939 信息 [main] org.apache.catalina.core.StandardService.startInternal Starting service [Catalina]
03-Jan-2019 21:00:07.939 信息 [main] org.apache.catalina.core.StandardEngine.startInternal Starting Servlet Engine: Apache Tomcat/9.0.13
03-Jan-2019 21:00:08.010 信息 [main] org.apache.catalina.startup.HostConfig.deployDirectory Deploying web application directory [E:\诊所助手\03 页面原型\apache-tomcat-9.0.13\webapps\docs]
03-Jan-2019 21:00:10.014 信息 [main] org.apache.catalina.startup.HostConfig.deployDirectory Deployment of web application directory [E:\诊所助手\03 页面原型\apache-tomcat-9.0.13\webapps\docs] has finished in [2,003] ms
03-Jan-2019 21:00:10.015 信息 [main] org.apache.catalina.startup.HostConfig.deployDirectory Deploying web application directory [E:\诊所助手\03 页面原型\apache-tomcat-9.0.13\webapps\examples]
03-Jan-2019 21:00:14.137 信息 [main] org.apache.catalina.startup.HostConfig.deployDirectory Deployment of web application directory [E:\诊所助手\03 页面原型\apache-tomcat-9.0.13\webapps\examples] has finished in [4,121] ms
03-Jan-2019 21:00:14.204 信息 [main] org.apache.catalina.startup.HostConfig.deployDirectory Deploying web application directory [E:\诊所助手\03 页面原型\apache-tomcat-9.0.13\webapps\host-manager]
03-Jan-2019 21:00:14.443 信息 [main] org.apache.catalina.startup.HostConfig.deployDirectory Deployment of web application directory [E:\诊所助手\03 页面原型\apache-tomcat-9.0.13\webapps\host-manager] has finished in [239] ms
03-Jan-2019 21:00:14.444 信息 [main] org.apache.catalina.startup.HostConfig.deployDirectory Deploying web application directory [E:\诊所助手\03 页面原型\apache-tomcat-9.0.13\webapps\manager]
03-Jan-2019 21:00:14.702 信息 [main] org.apache.catalina.startup.HostConfig.deployDirectory Deployment of web application directory [E:\诊所助手\03 页面原型\apache-tomcat-9.0.13\webapps\manager] has finished in [258] ms
03-Jan-2019 21:00:14.703 信息 [main] org.apache.catalina.startup.HostConfig.deployDirectory Deploying web application directory [E:\诊所助手\03 页面原型\apache-tomcat-9.0.13\webapps\ROOT]
03-Jan-2019 21:00:14.824 信息 [main] org.apache.catalina.startup.HostConfig.deployDirectory Deployment of web application directory [E:\诊所助手\03 页面原型\apache-tomcat-9.0.13\webapps\ROOT] has finished in [121] ms
03-Jan-2019 21:00:14.829 信息 [main] org.apache.coyote.AbstractProtocol.start Starting ProtocolHandler ["http-nio-8080"]
03-Jan-2019 21:00:14.889 信息 [main] org.apache.coyote.AbstractProtocol.start Starting ProtocolHandler ["ajp-nio-8009"]
03-Jan-2019 21:00:14.945 信息 [main] org.apache.catalina.startup.Catalina.start Server startup in 7301 ms
